<?xml version="1.0" encoding="UTF-8"?>
<!-- Generated by org.testng.reporters.JUnitReportReporter -->
<testsuite hostname="LAPTOP-8LKPNUO4" failures="0" tests="1" name="test.LoginTest" time="14.442" errors="0" timestamp="2021-04-19T22:00:25 EDT" skipped="0">
  <testcase classname="test.LoginTest" name="loginTest" time="14.442"/>
  <system-out/>
</testsuite> <!-- test.LoginTest -->
